<?xml version="1.0" encoding="UTF-8"?>
<testng-results ignored="0" total="1" passed="1" failed="0" skipped="0">
  <reporter-output>
  </reporter-output>
  <suite started-at="2025-01-17T01:22:38 IST" name="Default suite" finished-at="2025-01-17T01:22:42 IST" duration-ms="3875">
    <groups>
    </groups>
    <test started-at="2025-01-17T01:22:38 IST" name="Default test" finished-at="2025-01-17T01:22:42 IST" duration-ms="3875">
      <class name="tests.BaseTest">
        <test-method signature="setup()[pri:0, instance:tests.BaseTest@45752059]" started-at="2025-01-17T01:22:38 IST" name="setup" finished-at="2025-01-17T01:22:42 IST" duration-ms="3844" status="PASS">
          <reporter-output>
          </reporter-output>
        </test-method> <!-- setup -->
      </class> <!-- tests.BaseTest -->
    </test> <!-- Default test -->
  </suite> <!-- Default suite -->
</testng-results>
